<?xml version="1.0" encoding="UTF-8"?>
<testng-results ignored="0" total="1" passed="1" failed="0" skipped="0">
  <reporter-output>
  </reporter-output>
  <suite started-at="2024-03-18T13:18:50 IST" name="Suite" finished-at="2024-03-18T13:20:07 IST" duration-ms="77106">
    <groups>
      <group name="cucumber">
        <method signature="AbstractTestNGCucumberTests.runScenario(io.cucumber.testng.PickleWrapper,io.cucumber.testng.FeatureWrapper)[pri:0, instance:TestRunner.CucumberTestRunner@957e06]" name="runScenario" class="io.cucumber.testng.AbstractTestNGCucumberTests"/>
      </group> <!-- cucumber -->
    </groups>
    <test started-at="2024-03-18T13:18:50 IST" name="Test" finished-at="2024-03-18T13:20:07 IST" duration-ms="77106">
      <class name="TestRunner.CucumberTestRunner">
        <test-method is-config="true" signature="setUpClass(org.testng.ITestContext)[pri:0, instance:TestRunner.CucumberTestRunner@957e06]" started-at="2024-03-18T13:18:50 IST" name="setUpClass" finished-at="2024-03-18T13:18:51 IST" duration-ms="921" status="PASS">
          <params>
            <param index="0">
              <value>
                <![CDATA[org.testng.TestRunner@5ff2b8ca]]>
              </value>
            </param>
          </params>
          <reporter-output>
          </reporter-output>
        </test-method> <!-- setUpClass -->
        <test-method signature="runScenario(io.cucumber.testng.PickleWrapper,io.cucumber.testng.FeatureWrapper)[pri:0, instance:TestRunner.CucumberTestRunner@957e06]" started-at="2024-03-18T13:18:51 IST" name="runScenario" description="Runs Cucumber Scenarios" data-provider="scenarios" finished-at="2024-03-18T13:20:07 IST" duration-ms="76028" status="PASS">
          <params>
            <param index="0">
              <value>
                <![CDATA["Check the Home page  is success full Opend"]]>
              </value>
            </param>
            <param index="1">
              <value>
                <![CDATA["flipkart Home page Automation Testing App"]]>
              </value>
            </param>
          </params>
          <reporter-output>
          </reporter-output>
        </test-method> <!-- runScenario -->
        <test-method is-config="true" signature="tearDownClass()[pri:0, instance:TestRunner.CucumberTestRunner@957e06]" started-at="2024-03-18T13:20:07 IST" name="tearDownClass" finished-at="2024-03-18T13:20:07 IST" duration-ms="100" status="PASS">
          <reporter-output>
          </reporter-output>
        </test-method> <!-- tearDownClass -->
      </class> <!-- TestRunner.CucumberTestRunner -->
    </test> <!-- Test -->
  </suite> <!-- Suite -->
</testng-results>
